<?xml version="1.0" encoding="UTF-8"?>
<robot generator="Robot 3.1 (Python 3.7.1 on win32)" generated="20191023 17:07:54.776" rpa="false">
<suite id="s1" name="Lab12" source="D:\SQA\603020288-6\LAB12_23102562_jenkinsGithub\lab12.robot">
<test id="s1-t1" name="Go To Homepage">
<kw name="Open Browser" library="SeleniumLibrary">
<doc>Opens a new browser instance to the given ``url``.</doc>
<arguments>
<arg>${HOMEPAGE}</arg>
<arg>${BROWSER}</arg>
</arguments>
<msg timestamp="20191023 17:07:54.900" level="INFO">Opening browser 'Chrome' to base url 'https://www.google.co.th'.</msg>
<status status="PASS" starttime="20191023 17:07:54.900" endtime="20191023 17:07:58.436"></status>
</kw>
<kw name="Input Text" library="SeleniumLibrary">
<doc>Types the given ``text`` into text field identified by ``locator``.</doc>
<arguments>
<arg>q</arg>
<arg>${CS URL}</arg>
</arguments>
<msg timestamp="20191023 17:07:58.437" level="INFO">Typing text 'www.cs.kku.ac.th' into text field 'q'.</msg>
<status status="PASS" starttime="20191023 17:07:58.436" endtime="20191023 17:07:58.526"></status>
</kw>
<kw name="Submit Form" library="SeleniumLibrary">
<doc>Submits a form identified by ``locator``.</doc>
<msg timestamp="20191023 17:07:58.527" level="INFO">Submitting form 'None'.</msg>
<status status="PASS" starttime="20191023 17:07:58.527" endtime="20191023 17:07:59.664"></status>
</kw>
<kw name="Wait Until Page Contains" library="SeleniumLibrary">
<doc>Waits until ``text`` appears on current page.</doc>
<arguments>
<arg>CS KKU</arg>
</arguments>
<status status="PASS" starttime="20191023 17:07:59.665" endtime="20191023 17:07:59.678"></status>
</kw>
<kw name="Close Browser" library="SeleniumLibrary" type="teardown">
<doc>Closes the current browser.</doc>
<status status="PASS" starttime="20191023 17:07:59.678" endtime="20191023 17:08:01.752"></status>
</kw>
<status status="PASS" starttime="20191023 17:07:54.899" endtime="20191023 17:08:01.752" critical="yes"></status>
</test>
<status status="PASS" starttime="20191023 17:07:54.777" endtime="20191023 17:08:01.753"></status>
</suite>
<statistics>
<total>
<stat pass="1" fail="0">Critical Tests</stat>
<stat pass="1" fail="0">All Tests</stat>
</total>
<tag>
</tag>
<suite>
<stat pass="1" fail="0" id="s1" name="Lab12">Lab12</stat>
</suite>
</statistics>
<errors>
</errors>
</robot>
